2020-09-28 22:34:48,604:INFO:PyCaret Anomaly Detection Module
2020-09-28 22:34:48,604:INFO:version 2.1.2
2020-09-28 22:34:48,604:INFO:Initializing setup()
2020-09-28 22:34:48,604:INFO:USI: d66c
2020-09-28 22:34:48,604:INFO:setup(data=(1000, 10), categorical_features=None, categorical_imputation=constant, ordinal_features=None, high_cardinality_features=None, 
                    numeric_features=None, numeric_imputation=mean, date_features=None, ignore_features=None, normalize=False,
                    normalize_method=zscore, transformation=False, transformation_method=yeo-johnson, handle_unknown_categorical=True, unknown_categorical_method=least_frequent, pca=False, pca_method=linear,
                    pca_components=None, ignore_low_variance=False, combine_rare_levels=False, rare_level_threshold=0.1, bin_numeric_features=None,
                    remove_multicollinearity=False, multicollinearity_threshold=0.9, group_features=None,
                    group_names=None, supervised=False, supervised_target=None, n_jobs=-1, html=True, session_id=None, log_experiment=False,
                    experiment_name=None, log_plots=False, log_profile=False, log_data=False, silent=False, verbose=True, profile=False)
2020-09-28 22:34:48,604:INFO:Checking environment
2020-09-28 22:34:48,604:INFO:python_version: 3.7.7
2020-09-28 22:34:48,604:INFO:python_build: ('default', 'May  6 2020 11:45:54')
2020-09-28 22:34:48,604:INFO:machine: AMD64
2020-09-28 22:34:48,604:INFO:platform: Windows-10-10.0.18362-SP0
2020-09-28 22:34:48,605:WARNING:cannot find psutil installation. memory not traceable. Install psutil using pip to enable memory logging. 
2020-09-28 22:34:48,605:INFO:Checking libraries
2020-09-28 22:34:48,605:INFO:pd==1.0.5
2020-09-28 22:34:48,605:INFO:numpy==1.18.5
2020-09-28 22:34:56,810:WARNING:pyod not found
2020-09-28 22:34:58,913:INFO:mlflow==1.11.0
2020-09-28 22:34:58,914:INFO:Checking Exceptions
2020-09-28 22:34:58,914:INFO:Preloading libraries
2020-09-28 22:34:58,970:INFO:Preparing display monitor
2020-09-28 22:34:58,988:INFO:Importing libraries
2020-09-28 22:34:58,988:INFO:Declaring global variables
2020-09-28 22:34:58,988:INFO:Copying data for preprocessing
2020-09-28 22:34:58,992:INFO:Declaring preprocessing parameters
2020-09-28 22:34:58,992:INFO:Importing preprocessing module
2020-09-28 22:35:02,353:INFO:Creating preprocessing pipeline
2020-09-28 22:35:15,662:INFO:Preprocessing pipeline created successfully
2020-09-28 22:35:15,662:INFO:Creating grid variables
2020-09-28 22:35:15,662:INFO:Creating global containers
2020-09-28 22:35:16,030:INFO:Pipeline(memory=None,
         steps=[('dtypes',
                 DataTypes_Auto_infer(categorical_features=[],
                                      display_types=True, features_todrop=[],
                                      ml_usecase='regression',
                                      numerical_features=[],
                                      target='dummy_target',
                                      time_features=[])),
                ('imputer',
                 Simple_Imputer(categorical_strategy='not_available',
                                numeric_strategy='mean',
                                target_variable=None)),
                ('new_levels1',
                 New_Catagorical_L...
                                                    target='dummy_target')),
                ('feature_time',
                 Make_Time_Features(list_of_features=None, time_feature=[])),
                ('group', Empty()), ('scaling', Empty()),
                ('P_transform', Empty()), ('binn', Empty()),
                ('fix_perfect', Empty()), ('rem_outliers', Empty()),
                ('dummy', Dummify(target='dummy_target')),
                ('clean_names', Clean_Colum_Names()), ('fix_multi', Empty()),
                ('pca', Empty())],
         verbose=False)
2020-09-28 22:35:16,030:INFO:setup() succesfully completed......................................
2020-09-28 22:38:50,355:INFO:PyCaret Anomaly Detection Module
2020-09-28 22:38:50,355:INFO:version 2.1.2
2020-09-28 22:38:50,355:INFO:Initializing setup()
2020-09-28 22:38:50,355:INFO:USI: e34e
2020-09-28 22:38:50,355:INFO:setup(data=(1000, 10), categorical_features=None, categorical_imputation=constant, ordinal_features=None, high_cardinality_features=None, 
                    numeric_features=None, numeric_imputation=mean, date_features=None, ignore_features=None, normalize=False,
                    normalize_method=zscore, transformation=False, transformation_method=yeo-johnson, handle_unknown_categorical=True, unknown_categorical_method=least_frequent, pca=False, pca_method=linear,
                    pca_components=None, ignore_low_variance=False, combine_rare_levels=False, rare_level_threshold=0.1, bin_numeric_features=None,
                    remove_multicollinearity=False, multicollinearity_threshold=0.9, group_features=None,
                    group_names=None, supervised=False, supervised_target=None, n_jobs=-1, html=True, session_id=None, log_experiment=False,
                    experiment_name=None, log_plots=False, log_profile=False, log_data=False, silent=False, verbose=True, profile=False)
2020-09-28 22:38:50,355:INFO:Checking environment
2020-09-28 22:38:50,355:INFO:python_version: 3.7.7
2020-09-28 22:38:50,355:INFO:python_build: ('default', 'May  6 2020 11:45:54')
2020-09-28 22:38:50,355:INFO:machine: AMD64
2020-09-28 22:38:50,355:INFO:platform: Windows-10-10.0.18362-SP0
2020-09-28 22:38:50,356:WARNING:cannot find psutil installation. memory not traceable. Install psutil using pip to enable memory logging. 
2020-09-28 22:38:50,356:INFO:Checking libraries
2020-09-28 22:38:50,356:INFO:pd==1.0.5
2020-09-28 22:38:50,356:INFO:numpy==1.18.5
2020-09-28 22:38:50,356:WARNING:pyod not found
2020-09-28 22:38:50,357:INFO:mlflow==1.11.0
2020-09-28 22:38:50,357:INFO:Checking Exceptions
2020-09-28 22:38:50,357:INFO:Preloading libraries
2020-09-28 22:38:50,357:INFO:Preparing display monitor
2020-09-28 22:38:50,366:INFO:Importing libraries
2020-09-28 22:38:50,367:INFO:Declaring global variables
2020-09-28 22:38:50,367:INFO:Copying data for preprocessing
2020-09-28 22:38:50,370:INFO:Declaring preprocessing parameters
2020-09-28 22:38:50,370:INFO:Importing preprocessing module
2020-09-28 22:38:50,370:INFO:Creating preprocessing pipeline
2020-09-28 22:44:55,245:INFO:Preprocessing pipeline created successfully
2020-09-28 22:44:55,245:INFO:Creating grid variables
2020-09-28 22:44:55,246:INFO:Creating global containers
2020-09-28 22:44:55,270:INFO:Pipeline(memory=None,
         steps=[('dtypes',
                 DataTypes_Auto_infer(categorical_features=[],
                                      display_types=True, features_todrop=[],
                                      ml_usecase='regression',
                                      numerical_features=[],
                                      target='dummy_target',
                                      time_features=[])),
                ('imputer',
                 Simple_Imputer(categorical_strategy='not_available',
                                numeric_strategy='mean',
                                target_variable=None)),
                ('new_levels1',
                 New_Catagorical_L...
                                                    target='dummy_target')),
                ('feature_time',
                 Make_Time_Features(list_of_features=None, time_feature=[])),
                ('group', Empty()), ('scaling', Empty()),
                ('P_transform', Empty()), ('binn', Empty()),
                ('fix_perfect', Empty()), ('rem_outliers', Empty()),
                ('dummy', Dummify(target='dummy_target')),
                ('clean_names', Clean_Colum_Names()), ('fix_multi', Empty()),
                ('pca', Empty())],
         verbose=False)
2020-09-28 22:44:55,270:INFO:setup() succesfully completed......................................
2020-09-28 22:49:39,575:INFO:Initializing create_model()
2020-09-28 22:49:39,575:INFO:create_model(model=mcd, fraction=0.05, verbose=True, system=True)
2020-09-28 22:49:39,575:INFO:Checking exceptions
2020-09-28 22:49:39,575:INFO:Preloading libraries
2020-09-28 22:49:39,575:INFO:Preparing display monitor
2020-09-28 22:49:39,592:INFO:Importing untrained model
2020-09-28 22:49:39,605:INFO:Minimum Covariance Determinant Imported succesfully
2020-09-28 22:49:39,610:INFO:Fitting Model
2020-09-28 22:49:40,140:INFO:MCD(assume_centered=False, contamination=0.05, random_state=3289,
  store_precision=True, support_fraction=None)
2020-09-28 22:49:40,140:INFO:create_models() succesfully completed......................................
2020-09-28 22:49:41,388:INFO:Initializing plot_model()
2020-09-28 22:49:41,388:INFO:plot_model(model=MCD(assume_centered=False, contamination=0.05, random_state=3289,
  store_precision=True, support_fraction=None), plot=tsne, feature=None, save=False, system=True)
2020-09-28 22:49:41,388:INFO:Checking exceptions
2020-09-28 22:49:41,388:INFO:Importing libraries
2020-09-28 22:49:42,084:INFO:plot type: tsne
2020-09-28 22:49:42,084:INFO:SubProcess assign_model() called ==================================
2020-09-28 22:49:42,085:INFO:Initializing assign_model()
2020-09-28 22:49:42,085:INFO:assign_model(model=MCD(assume_centered=False, contamination=0.05, random_state=3289,
  store_precision=True, support_fraction=None), transformation=True, score=False, verbose=False)
2020-09-28 22:49:42,085:INFO:Preloading libraries
2020-09-28 22:49:42,085:INFO:Copying data
2020-09-28 22:49:42,085:INFO:Preparing display monitor
2020-09-28 22:49:42,092:INFO:Determining Trained Model
2020-09-28 22:49:42,092:INFO:Trained Model : Assigned Minimum Covariance Determinant
2020-09-28 22:49:42,093:INFO:(1000, 11)
2020-09-28 22:49:42,093:INFO:assign_model() succesfully completed......................................
2020-09-28 22:49:42,093:INFO:SubProcess assign_model() end ==================================
2020-09-28 22:49:42,097:INFO:Getting dummies to cast categorical variables
2020-09-28 22:49:42,100:INFO:Fitting TSNE()
2020-09-28 22:49:53,081:INFO:Rendering Visual
2020-09-28 22:49:53,893:INFO:Visual Rendered Successfully
2020-09-28 22:49:53,893:INFO:plot_model() succesfully completed......................................
2020-09-28 22:51:47,379:INFO:Initializing create_model()
2020-09-28 22:51:47,379:INFO:create_model(model=mcd, fraction=0.05, verbose=True, system=True)
2020-09-28 22:51:47,379:INFO:Checking exceptions
2020-09-28 22:51:47,379:INFO:Preloading libraries
2020-09-28 22:51:47,379:INFO:Preparing display monitor
2020-09-28 22:51:47,398:INFO:Importing untrained model
2020-09-28 22:51:47,398:INFO:Minimum Covariance Determinant Imported succesfully
2020-09-28 22:51:47,407:INFO:Fitting Model
2020-09-28 22:51:47,890:INFO:MCD(assume_centered=False, contamination=0.05, random_state=3289,
  store_precision=True, support_fraction=None)
2020-09-28 22:51:47,891:INFO:create_models() succesfully completed......................................
2020-09-28 22:51:48,612:INFO:Initializing plot_model()
2020-09-28 22:51:48,612:INFO:plot_model(model=MCD(assume_centered=False, contamination=0.05, random_state=3289,
  store_precision=True, support_fraction=None), plot=tsne, feature=None, save=False, system=True)
2020-09-28 22:51:48,612:INFO:Checking exceptions
2020-09-28 22:51:48,612:INFO:Importing libraries
2020-09-28 22:51:48,617:INFO:plot type: tsne
2020-09-28 22:51:48,617:INFO:SubProcess assign_model() called ==================================
2020-09-28 22:51:48,617:INFO:Initializing assign_model()
2020-09-28 22:51:48,618:INFO:assign_model(model=MCD(assume_centered=False, contamination=0.05, random_state=3289,
  store_precision=True, support_fraction=None), transformation=True, score=False, verbose=False)
2020-09-28 22:51:48,618:INFO:Preloading libraries
2020-09-28 22:51:48,618:INFO:Copying data
2020-09-28 22:51:48,618:INFO:Preparing display monitor
2020-09-28 22:51:48,628:INFO:Determining Trained Model
2020-09-28 22:51:48,629:INFO:Trained Model : Assigned Minimum Covariance Determinant
2020-09-28 22:51:48,629:INFO:(1000, 11)
2020-09-28 22:51:48,629:INFO:assign_model() succesfully completed......................................
2020-09-28 22:51:48,629:INFO:SubProcess assign_model() end ==================================
2020-09-28 22:51:48,632:INFO:Getting dummies to cast categorical variables
2020-09-28 22:51:48,634:INFO:Fitting TSNE()
2020-09-28 22:51:56,012:INFO:Rendering Visual
2020-09-28 22:51:56,145:INFO:Visual Rendered Successfully
2020-09-28 22:51:56,145:INFO:plot_model() succesfully completed......................................
2020-09-28 22:52:22,248:INFO:Initializing create_model()
2020-09-28 22:52:22,248:INFO:create_model(model=knn, fraction=0.05, verbose=True, system=True)
2020-09-28 22:52:22,248:INFO:Checking exceptions
2020-09-28 22:52:22,248:INFO:Preloading libraries
2020-09-28 22:52:22,248:INFO:Preparing display monitor
2020-09-28 22:52:22,267:INFO:Importing untrained model
2020-09-28 22:52:22,267:INFO:k-Nearest Neighbors Detector Imported succesfully
2020-09-28 22:52:22,271:INFO:Fitting Model
2020-09-28 22:52:22,294:INFO:KNN(algorithm='auto', contamination=0.05, leaf_size=30, method='largest',
  metric='minkowski', metric_params=None, n_jobs=1, n_neighbors=5, p=2,
  radius=1.0)
2020-09-28 22:52:22,294:INFO:create_models() succesfully completed......................................
2020-09-28 22:52:32,611:INFO:Initializing plot_model()
2020-09-28 22:52:32,611:INFO:plot_model(model=KNN(algorithm='auto', contamination=0.05, leaf_size=30, method='largest',
  metric='minkowski', metric_params=None, n_jobs=1, n_neighbors=5, p=2,
  radius=1.0), plot=tsne, feature=None, save=False, system=True)
2020-09-28 22:52:32,611:INFO:Checking exceptions
2020-09-28 22:52:32,612:INFO:Importing libraries
2020-09-28 22:52:32,618:INFO:plot type: tsne
2020-09-28 22:52:32,618:INFO:SubProcess assign_model() called ==================================
2020-09-28 22:52:32,619:INFO:Initializing assign_model()
2020-09-28 22:52:32,619:INFO:assign_model(model=KNN(algorithm='auto', contamination=0.05, leaf_size=30, method='largest',
  metric='minkowski', metric_params=None, n_jobs=1, n_neighbors=5, p=2,
  radius=1.0), transformation=True, score=False, verbose=False)
2020-09-28 22:52:32,619:INFO:Preloading libraries
2020-09-28 22:52:32,619:INFO:Copying data
2020-09-28 22:52:32,620:INFO:Preparing display monitor
2020-09-28 22:52:32,629:INFO:Determining Trained Model
2020-09-28 22:52:32,630:INFO:Trained Model : Assigned k-Nearest Neighbors Detector
2020-09-28 22:52:32,630:INFO:(1000, 11)
2020-09-28 22:52:32,630:INFO:assign_model() succesfully completed......................................
2020-09-28 22:52:32,631:INFO:SubProcess assign_model() end ==================================
2020-09-28 22:52:32,634:INFO:Getting dummies to cast categorical variables
2020-09-28 22:52:32,636:INFO:Fitting TSNE()
2020-09-28 22:52:40,010:INFO:Rendering Visual
2020-09-28 22:52:40,145:INFO:Visual Rendered Successfully
2020-09-28 22:52:40,145:INFO:plot_model() succesfully completed......................................
2020-09-28 22:54:05,128:INFO:PyCaret Anomaly Detection Module
2020-09-28 22:54:05,128:INFO:version 2.1.2
2020-09-28 22:54:05,128:INFO:Initializing setup()
2020-09-28 22:54:05,128:INFO:USI: 61fb
2020-09-28 22:54:05,129:INFO:setup(data=(1000, 10), categorical_features=None, categorical_imputation=constant, ordinal_features=None, high_cardinality_features=None, 
                    numeric_features=None, numeric_imputation=mean, date_features=None, ignore_features=None, normalize=False,
                    normalize_method=zscore, transformation=False, transformation_method=yeo-johnson, handle_unknown_categorical=True, unknown_categorical_method=least_frequent, pca=False, pca_method=linear,
                    pca_components=None, ignore_low_variance=False, combine_rare_levels=False, rare_level_threshold=0.1, bin_numeric_features=None,
                    remove_multicollinearity=False, multicollinearity_threshold=0.9, group_features=None,
                    group_names=None, supervised=False, supervised_target=None, n_jobs=-1, html=True, session_id=None, log_experiment=False,
                    experiment_name=None, log_plots=False, log_profile=False, log_data=False, silent=False, verbose=True, profile=False)
2020-09-28 22:54:05,129:INFO:Checking environment
2020-09-28 22:54:05,129:INFO:python_version: 3.7.7
2020-09-28 22:54:05,129:INFO:python_build: ('default', 'May  6 2020 11:45:54')
2020-09-28 22:54:05,129:INFO:machine: AMD64
2020-09-28 22:54:05,129:INFO:platform: Windows-10-10.0.18362-SP0
2020-09-28 22:54:05,130:WARNING:cannot find psutil installation. memory not traceable. Install psutil using pip to enable memory logging. 
2020-09-28 22:54:05,130:INFO:Checking libraries
2020-09-28 22:54:05,130:INFO:pd==1.0.5
2020-09-28 22:54:05,130:INFO:numpy==1.18.5
2020-09-28 22:54:06,478:WARNING:pyod not found
2020-09-28 22:54:07,080:INFO:mlflow==1.11.0
2020-09-28 22:54:07,081:INFO:Checking Exceptions
2020-09-28 22:54:07,081:INFO:Preloading libraries
2020-09-28 22:54:07,110:INFO:Preparing display monitor
2020-09-28 22:54:07,121:INFO:Importing libraries
2020-09-28 22:54:07,121:INFO:Declaring global variables
2020-09-28 22:54:07,121:INFO:Copying data for preprocessing
2020-09-28 22:54:07,125:INFO:Declaring preprocessing parameters
2020-09-28 22:54:07,125:INFO:Importing preprocessing module
2020-09-28 22:54:07,426:INFO:Creating preprocessing pipeline
2020-09-28 22:54:14,305:INFO:Preprocessing pipeline created successfully
2020-09-28 22:54:14,305:INFO:Creating grid variables
2020-09-28 22:54:14,306:INFO:Creating global containers
2020-09-28 22:54:14,589:INFO:Pipeline(memory=None,
         steps=[('dtypes',
                 DataTypes_Auto_infer(categorical_features=[],
                                      display_types=True, features_todrop=[],
                                      ml_usecase='regression',
                                      numerical_features=[],
                                      target='dummy_target',
                                      time_features=[])),
                ('imputer',
                 Simple_Imputer(categorical_strategy='not_available',
                                numeric_strategy='mean',
                                target_variable=None)),
                ('new_levels1',
                 New_Catagorical_L...
                                                    target='dummy_target')),
                ('feature_time',
                 Make_Time_Features(list_of_features=None, time_feature=[])),
                ('group', Empty()), ('scaling', Empty()),
                ('P_transform', Empty()), ('binn', Empty()),
                ('fix_perfect', Empty()), ('rem_outliers', Empty()),
                ('dummy', Dummify(target='dummy_target')),
                ('clean_names', Clean_Colum_Names()), ('fix_multi', Empty()),
                ('pca', Empty())],
         verbose=False)
2020-09-28 22:54:14,589:INFO:setup() succesfully completed......................................
2020-09-28 22:54:14,612:INFO:Initializing create_model()
2020-09-28 22:54:14,612:INFO:create_model(model=mcd, fraction=0.05, verbose=True, system=True)
2020-09-28 22:54:14,612:INFO:Checking exceptions
2020-09-28 22:54:14,612:INFO:Preloading libraries
2020-09-28 22:54:14,612:INFO:Preparing display monitor
2020-09-28 22:54:14,629:INFO:Importing untrained model
2020-09-28 22:54:14,634:INFO:Minimum Covariance Determinant Imported succesfully
2020-09-28 22:54:14,639:INFO:Fitting Model
2020-09-28 22:54:15,088:INFO:MCD(assume_centered=False, contamination=0.05, random_state=8735,
  store_precision=True, support_fraction=None)
2020-09-28 22:54:15,088:INFO:create_models() succesfully completed......................................
2020-09-28 22:54:15,093:INFO:Initializing plot_model()
2020-09-28 22:54:15,095:INFO:plot_model(model=MCD(assume_centered=False, contamination=0.05, random_state=8735,
  store_precision=True, support_fraction=None), plot=tsne, feature=None, save=False, system=True)
2020-09-28 22:54:15,095:INFO:Checking exceptions
2020-09-28 22:54:15,095:INFO:Importing libraries
2020-09-28 22:54:15,451:INFO:plot type: tsne
2020-09-28 22:54:15,451:INFO:SubProcess assign_model() called ==================================
2020-09-28 22:54:15,452:INFO:Initializing assign_model()
2020-09-28 22:54:15,452:INFO:assign_model(model=MCD(assume_centered=False, contamination=0.05, random_state=8735,
  store_precision=True, support_fraction=None), transformation=True, score=False, verbose=False)
2020-09-28 22:54:15,452:INFO:Preloading libraries
2020-09-28 22:54:15,452:INFO:Copying data
2020-09-28 22:54:15,452:INFO:Preparing display monitor
2020-09-28 22:54:15,459:INFO:Determining Trained Model
2020-09-28 22:54:15,459:INFO:Trained Model : Assigned Minimum Covariance Determinant
2020-09-28 22:54:15,459:INFO:(1000, 11)
2020-09-28 22:54:15,459:INFO:assign_model() succesfully completed......................................
2020-09-28 22:54:15,459:INFO:SubProcess assign_model() end ==================================
2020-09-28 22:54:15,464:INFO:Getting dummies to cast categorical variables
2020-09-28 22:54:15,467:INFO:Fitting TSNE()
2020-09-28 22:54:24,152:INFO:Rendering Visual
2020-09-28 22:54:24,554:INFO:Visual Rendered Successfully
2020-09-28 22:54:24,554:INFO:plot_model() succesfully completed......................................
2020-09-28 22:54:24,566:INFO:Initializing create_model()
2020-09-28 22:54:24,566:INFO:create_model(model=knn, fraction=0.05, verbose=True, system=True)
2020-09-28 22:54:24,566:INFO:Checking exceptions
2020-09-28 22:54:24,566:INFO:Preloading libraries
2020-09-28 22:54:24,566:INFO:Preparing display monitor
2020-09-28 22:54:24,582:INFO:Importing untrained model
2020-09-28 22:54:24,583:INFO:k-Nearest Neighbors Detector Imported succesfully
2020-09-28 22:54:24,587:INFO:Fitting Model
2020-09-28 22:54:24,609:INFO:KNN(algorithm='auto', contamination=0.05, leaf_size=30, method='largest',
  metric='minkowski', metric_params=None, n_jobs=1, n_neighbors=5, p=2,
  radius=1.0)
2020-09-28 22:54:24,609:INFO:create_models() succesfully completed......................................
